<?xml version="1.0" encoding="UTF-8"?>
<!-- Generated by org.testng.reporters.JUnitReportReporter -->
<testsuite skipped="0" hostname="DESKTOP-OQMT9F5" name="Actioning" tests="1" failures="0" timestamp="01 Apr 2019 11:13:33 GMT" time="8.287" errors="0">
  <testcase name="abc" time="8.287" classname="Actioning"/>
</testsuite> <!-- Actioning -->
